<?xml version="1.0" encoding="UTF-8"?>
<testsuite name="PriorityQueueTest" tests="6" skipped="0" failures="0" errors="0" timestamp="2024-03-22T04:21:04" hostname="campus-003-021.ucdavis.edu" time="0.052">
  <properties/>
  <testcase name="testBadInit()" classname="PriorityQueueTest" time="0.023"/>
  <testcase name="testChangingDown()" classname="PriorityQueueTest" time="0.012"/>
  <testcase name="testBadPop()" classname="PriorityQueueTest" time="0.001"/>
  <testcase name="testChangingUp()" classname="PriorityQueueTest" time="0.005"/>
  <testcase name="testNormal()" classname="PriorityQueueTest" time="0.004"/>
  <testcase name="testNormalUpdateAdd()" classname="PriorityQueueTest" time="0.003"/>
  <system-out><![CDATA[]]></system-out>
  <system-err><![CDATA[]]></system-err>
</testsuite>
